2022-09-26 14:47:30.481  INFO 2884 --- [restartedMain] com.example.asaka.AsakaApplication       : Starting AsakaApplication using Java 18.0.1.1 on DESKTOP-7345ME8 with PID 2884 (F:\Projects\Asaka_Backend\target\classes started by Arslonbek in F:\Projects\Asaka_Backend)
2022-09-26 14:47:30.481  INFO 2884 --- [restartedMain] com.example.asaka.AsakaApplication       : No active profile set, falling back to 1 default profile: "default"
2022-09-26 14:47:30.527  INFO 2884 --- [restartedMain] o.s.b.devtools.restart.ChangeableUrls    : The Class-Path manifest attribute in C:\Users\Asus\.m2\repository\com\oracle\database\jdbc\ojdbc8\19.7.0.0\ojdbc8-19.7.0.0.jar referenced one or more files that do not exist: file:/C:/Users/Asus/.m2/repository/com/oracle/database/jdbc/ojdbc8/19.7.0.0/oraclepki.jar
2022-09-26 14:47:30.527  INFO 2884 --- [restartedMain] .e.DevToolsPropertyDefaultsPostProcessor : Devtools property defaults active! Set 'spring.devtools.add-properties' to 'false' to disable
2022-09-26 14:47:30.527  INFO 2884 --- [restartedMain] .e.DevToolsPropertyDefaultsPostProcessor : For additional web related logging consider setting the 'logging.level.web' property to 'DEBUG'
2022-09-26 14:47:31.021  INFO 2884 --- [restartedMain] .s.d.r.c.RepositoryConfigurationDelegate : Bootstrapping Spring Data JDBC repositories in DEFAULT mode.
2022-09-26 14:47:31.037  INFO 2884 --- [restartedMain] .s.d.r.c.RepositoryConfigurationDelegate : Finished Spring Data repository scanning in 10 ms. Found 0 JDBC repository interfaces.
2022-09-26 14:47:31.521  INFO 2884 --- [restartedMain] o.s.b.w.embedded.tomcat.TomcatWebServer  : Tomcat initialized with port(s): 12345 (http)
2022-09-26 14:47:31.537  INFO 2884 --- [restartedMain] o.apache.catalina.core.StandardService   : Starting service [Tomcat]
2022-09-26 14:47:31.537  INFO 2884 --- [restartedMain] org.apache.catalina.core.StandardEngine  : Starting Servlet engine: [Apache Tomcat/9.0.60]
2022-09-26 14:47:31.631  INFO 2884 --- [restartedMain] o.a.c.c.C.[Tomcat].[localhost].[/]       : Initializing Spring embedded WebApplicationContext
2022-09-26 14:47:31.631  INFO 2884 --- [restartedMain] w.s.c.ServletWebServerApplicationContext : Root WebApplicationContext: initialization completed in 1104 ms
2022-09-26 14:47:32.344  INFO 2884 --- [restartedMain] o.s.s.web.DefaultSecurityFilterChain     : Will not secure any request
2022-09-26 14:47:32.422  WARN 2884 --- [restartedMain] com.zaxxer.hikari.HikariConfig           : SpringBootJPAHikariCP - leakDetectionThreshold is less than 2000ms or more than maxLifetime, disabling it.
2022-09-26 14:47:32.422  INFO 2884 --- [restartedMain] com.zaxxer.hikari.HikariDataSource       : SpringBootJPAHikariCP - Starting...
2022-09-26 14:47:32.437  WARN 2884 --- [restartedMain] com.zaxxer.hikari.util.DriverDataSource  : Registered driver with driverClassName=oracle.jdbc.driver.OracleDriver was not found, trying direct instantiation.
2022-09-26 14:47:32.687  INFO 2884 --- [restartedMain] com.zaxxer.hikari.HikariDataSource       : SpringBootJPAHikariCP - Start completed.
2022-09-26 14:47:33.312  INFO 2884 --- [restartedMain] o.s.b.d.a.OptionalLiveReloadServer       : LiveReload server is running on port 35729
2022-09-26 14:47:33.343  INFO 2884 --- [restartedMain] o.s.b.w.embedded.tomcat.TomcatWebServer  : Tomcat started on port(s): 12345 (http) with context path ''
2022-09-26 14:47:33.359  INFO 2884 --- [restartedMain] com.example.asaka.AsakaApplication       : Started AsakaApplication in 3.212 seconds (JVM running for 3.868)
2022-09-26 14:47:41.953  INFO 2884 --- [http-nio-12345-exec-1] o.a.c.c.C.[Tomcat].[localhost].[/]       : Initializing Spring DispatcherServlet 'dispatcherServlet'
2022-09-26 14:47:41.954  INFO 2884 --- [http-nio-12345-exec-1] o.s.web.servlet.DispatcherServlet        : Initializing Servlet 'dispatcherServlet'
2022-09-26 14:47:41.954  INFO 2884 --- [http-nio-12345-exec-1] o.s.web.servlet.DispatcherServlet        : Completed initialization in 0 ms
2022-09-26 14:47:41.990 ERROR 2884 --- [http-nio-12345-exec-1] com.example.asaka.security.jwt.JwtUtils  : JWT token is expired: JWT expired at 2022-09-24T12:19:00Z. Current time: 2022-09-26T14:47:41Z, a difference of 181721989 milliseconds.  Allowed clock skew: 0 milliseconds.
2022-09-26 14:51:11.506  INFO 2884 --- [SpringApplicationShutdownHook] com.zaxxer.hikari.HikariDataSource       : SpringBootJPAHikariCP - Shutdown initiated...
2022-09-26 14:51:11.549  INFO 2884 --- [SpringApplicationShutdownHook] com.zaxxer.hikari.HikariDataSource       : SpringBootJPAHikariCP - Shutdown completed.
