2023-11-15 09:42:33.973  INFO 11816 --- [restartedMain] com.example.asaka.AsakaApplication       : Starting AsakaApplication using Java 18.0.2.1 on DESKTOP-O9GJ73L with PID 11816 (D:\Projects\MONELLO\target\classes started by Arslonbek Kulmatov in D:\Projects\MONELLO)
2023-11-15 09:42:33.979  INFO 11816 --- [restartedMain] com.example.asaka.AsakaApplication       : No active profile set, falling back to 1 default profile: "default"
2023-11-15 09:42:34.042  INFO 11816 --- [restartedMain] o.s.b.devtools.restart.ChangeableUrls    : The Class-Path manifest attribute in C:\Users\Arslonbek Kulmatov\.m2\repository\com\oracle\database\jdbc\ojdbc8\19.7.0.0\ojdbc8-19.7.0.0.jar referenced one or more files that do not exist: file:/C:/Users/Arslonbek%20Kulmatov/.m2/repository/com/oracle/database/jdbc/ojdbc8/19.7.0.0/oraclepki.jar
2023-11-15 09:42:34.042  INFO 11816 --- [restartedMain] .e.DevToolsPropertyDefaultsPostProcessor : Devtools property defaults active! Set 'spring.devtools.add-properties' to 'false' to disable
2023-11-15 09:42:34.043  INFO 11816 --- [restartedMain] .e.DevToolsPropertyDefaultsPostProcessor : For additional web related logging consider setting the 'logging.level.web' property to 'DEBUG'
2023-11-15 09:42:34.711  INFO 11816 --- [restartedMain] .s.d.r.c.RepositoryConfigurationDelegate : Bootstrapping Spring Data JDBC repositories in DEFAULT mode.
2023-11-15 09:42:34.730  INFO 11816 --- [restartedMain] .s.d.r.c.RepositoryConfigurationDelegate : Finished Spring Data repository scanning in 14 ms. Found 0 JDBC repository interfaces.
2023-11-15 09:42:35.668  INFO 11816 --- [restartedMain] o.s.b.w.embedded.tomcat.TomcatWebServer  : Tomcat initialized with port(s): 9999 (http)
2023-11-15 09:42:35.676  INFO 11816 --- [restartedMain] o.apache.catalina.core.StandardService   : Starting service [Tomcat]
2023-11-15 09:42:35.677  INFO 11816 --- [restartedMain] org.apache.catalina.core.StandardEngine  : Starting Servlet engine: [Apache Tomcat/9.0.60]
2023-11-15 09:42:35.785  INFO 11816 --- [restartedMain] o.a.c.c.C.[Tomcat].[localhost].[/]       : Initializing Spring embedded WebApplicationContext
2023-11-15 09:42:35.786  INFO 11816 --- [restartedMain] w.s.c.ServletWebServerApplicationContext : Root WebApplicationContext: initialization completed in 1743 ms
2023-11-15 09:42:36.638  WARN 11816 --- [restartedMain] ConfigServletWebServerApplicationContext : Exception encountered during context initialization - cancelling refresh attempt: org.springframework.beans.factory.UnsatisfiedDependencyException: Error creating bean with name 'CTelegramMessage': Unsatisfied dependency expressed through field 'telegramMessage'; nested exception is org.springframework.beans.factory.UnsatisfiedDependencyException: Error creating bean with name 'STelegramMessage': Unsatisfied dependency expressed through field 'restTemplate'; nested exception is org.springframework.beans.factory.NoSuchBeanDefinitionException: No qualifying bean of type 'org.springframework.web.client.RestTemplate' available: expected at least 1 bean which qualifies as autowire candidate. Dependency annotations: {@org.springframework.beans.factory.annotation.Autowired(required=true)}
2023-11-15 09:42:36.643  INFO 11816 --- [restartedMain] o.apache.catalina.core.StandardService   : Stopping service [Tomcat]
2023-11-15 09:42:36.656  INFO 11816 --- [restartedMain] ConditionEvaluationReportLoggingListener : 

Error starting ApplicationContext. To display the conditions report re-run your application with 'debug' enabled.
2023-11-15 09:42:36.683 ERROR 11816 --- [restartedMain] o.s.b.d.LoggingFailureAnalysisReporter   : 

***************************
APPLICATION FAILED TO START
***************************

Description:

Field restTemplate in com.example.asaka.telegram.services.STelegramMessage required a bean of type 'org.springframework.web.client.RestTemplate' that could not be found.

The injection point has the following annotations:
	- @org.springframework.beans.factory.annotation.Autowired(required=true)


Action:

Consider defining a bean of type 'org.springframework.web.client.RestTemplate' in your configuration.

2023-11-15 09:53:53.372  INFO 22888 --- [restartedMain] com.example.asaka.AsakaApplication       : Starting AsakaApplication using Java 18.0.2.1 on DESKTOP-O9GJ73L with PID 22888 (D:\Projects\MONELLO\target\classes started by Arslonbek Kulmatov in D:\Projects\MONELLO)
2023-11-15 09:53:53.373  INFO 22888 --- [restartedMain] com.example.asaka.AsakaApplication       : No active profile set, falling back to 1 default profile: "default"
2023-11-15 09:53:53.427  INFO 22888 --- [restartedMain] o.s.b.devtools.restart.ChangeableUrls    : The Class-Path manifest attribute in C:\Users\Arslonbek Kulmatov\.m2\repository\com\oracle\database\jdbc\ojdbc8\19.7.0.0\ojdbc8-19.7.0.0.jar referenced one or more files that do not exist: file:/C:/Users/Arslonbek%20Kulmatov/.m2/repository/com/oracle/database/jdbc/ojdbc8/19.7.0.0/oraclepki.jar
2023-11-15 09:53:53.427  INFO 22888 --- [restartedMain] .e.DevToolsPropertyDefaultsPostProcessor : Devtools property defaults active! Set 'spring.devtools.add-properties' to 'false' to disable
2023-11-15 09:53:53.427  INFO 22888 --- [restartedMain] .e.DevToolsPropertyDefaultsPostProcessor : For additional web related logging consider setting the 'logging.level.web' property to 'DEBUG'
2023-11-15 09:53:54.020  INFO 22888 --- [restartedMain] .s.d.r.c.RepositoryConfigurationDelegate : Bootstrapping Spring Data JDBC repositories in DEFAULT mode.
2023-11-15 09:53:54.036  INFO 22888 --- [restartedMain] .s.d.r.c.RepositoryConfigurationDelegate : Finished Spring Data repository scanning in 12 ms. Found 0 JDBC repository interfaces.
2023-11-15 09:53:54.919  INFO 22888 --- [restartedMain] o.s.b.w.embedded.tomcat.TomcatWebServer  : Tomcat initialized with port(s): 9999 (http)
2023-11-15 09:53:54.928  INFO 22888 --- [restartedMain] o.apache.catalina.core.StandardService   : Starting service [Tomcat]
2023-11-15 09:53:54.928  INFO 22888 --- [restartedMain] org.apache.catalina.core.StandardEngine  : Starting Servlet engine: [Apache Tomcat/9.0.60]
2023-11-15 09:53:55.023  INFO 22888 --- [restartedMain] o.a.c.c.C.[Tomcat].[localhost].[/]       : Initializing Spring embedded WebApplicationContext
2023-11-15 09:53:55.024  INFO 22888 --- [restartedMain] w.s.c.ServletWebServerApplicationContext : Root WebApplicationContext: initialization completed in 1596 ms
2023-11-15 09:53:55.920  INFO 22888 --- [restartedMain] o.s.s.web.DefaultSecurityFilterChain     : Will not secure any request
2023-11-15 09:53:56.031  INFO 22888 --- [restartedMain] com.zaxxer.hikari.HikariDataSource       : SpringBootJPAHikariCP - Starting...
2023-11-15 09:53:56.035  WARN 22888 --- [restartedMain] com.zaxxer.hikari.util.DriverDataSource  : Registered driver with driverClassName=oracle.jdbc.driver.OracleDriver was not found, trying direct instantiation.
2023-11-15 09:53:56.364  INFO 22888 --- [restartedMain] com.zaxxer.hikari.HikariDataSource       : SpringBootJPAHikariCP - Start completed.
2023-11-15 09:53:57.347  INFO 22888 --- [restartedMain] o.s.b.d.a.OptionalLiveReloadServer       : LiveReload server is running on port 35729
2023-11-15 09:53:57.399  INFO 22888 --- [restartedMain] o.s.b.w.embedded.tomcat.TomcatWebServer  : Tomcat started on port(s): 9999 (http) with context path ''
2023-11-15 09:53:57.411  INFO 22888 --- [restartedMain] com.example.asaka.AsakaApplication       : Started AsakaApplication in 4.396 seconds (JVM running for 4.895)
2023-11-15 09:54:51.114  INFO 22888 --- [SpringApplicationShutdownHook] com.zaxxer.hikari.HikariDataSource       : SpringBootJPAHikariCP - Shutdown initiated...
2023-11-15 09:54:51.154  INFO 22888 --- [SpringApplicationShutdownHook] com.zaxxer.hikari.HikariDataSource       : SpringBootJPAHikariCP - Shutdown completed.
2023-11-15 09:54:56.294  INFO 14428 --- [restartedMain] com.example.asaka.AsakaApplication       : Starting AsakaApplication using Java 18.0.2.1 on DESKTOP-O9GJ73L with PID 14428 (D:\Projects\MONELLO\target\classes started by Arslonbek Kulmatov in D:\Projects\MONELLO)
2023-11-15 09:54:56.295  INFO 14428 --- [restartedMain] com.example.asaka.AsakaApplication       : No active profile set, falling back to 1 default profile: "default"
2023-11-15 09:54:56.352  INFO 14428 --- [restartedMain] o.s.b.devtools.restart.ChangeableUrls    : The Class-Path manifest attribute in C:\Users\Arslonbek Kulmatov\.m2\repository\com\oracle\database\jdbc\ojdbc8\19.7.0.0\ojdbc8-19.7.0.0.jar referenced one or more files that do not exist: file:/C:/Users/Arslonbek%20Kulmatov/.m2/repository/com/oracle/database/jdbc/ojdbc8/19.7.0.0/oraclepki.jar
2023-11-15 09:54:56.352  INFO 14428 --- [restartedMain] .e.DevToolsPropertyDefaultsPostProcessor : Devtools property defaults active! Set 'spring.devtools.add-properties' to 'false' to disable
2023-11-15 09:54:56.352  INFO 14428 --- [restartedMain] .e.DevToolsPropertyDefaultsPostProcessor : For additional web related logging consider setting the 'logging.level.web' property to 'DEBUG'
2023-11-15 09:54:56.922  INFO 14428 --- [restartedMain] .s.d.r.c.RepositoryConfigurationDelegate : Bootstrapping Spring Data JDBC repositories in DEFAULT mode.
2023-11-15 09:54:56.940  INFO 14428 --- [restartedMain] .s.d.r.c.RepositoryConfigurationDelegate : Finished Spring Data repository scanning in 15 ms. Found 0 JDBC repository interfaces.
2023-11-15 09:54:57.871  INFO 14428 --- [restartedMain] o.s.b.w.embedded.tomcat.TomcatWebServer  : Tomcat initialized with port(s): 9999 (http)
2023-11-15 09:54:57.879  INFO 14428 --- [restartedMain] o.apache.catalina.core.StandardService   : Starting service [Tomcat]
2023-11-15 09:54:57.879  INFO 14428 --- [restartedMain] org.apache.catalina.core.StandardEngine  : Starting Servlet engine: [Apache Tomcat/9.0.60]
2023-11-15 09:54:57.973  INFO 14428 --- [restartedMain] o.a.c.c.C.[Tomcat].[localhost].[/]       : Initializing Spring embedded WebApplicationContext
2023-11-15 09:54:57.974  INFO 14428 --- [restartedMain] w.s.c.ServletWebServerApplicationContext : Root WebApplicationContext: initialization completed in 1621 ms
2023-11-15 09:54:58.820  INFO 14428 --- [restartedMain] o.s.s.web.DefaultSecurityFilterChain     : Will not secure any request
2023-11-15 09:54:58.920  INFO 14428 --- [restartedMain] com.zaxxer.hikari.HikariDataSource       : SpringBootJPAHikariCP - Starting...
2023-11-15 09:54:58.926  WARN 14428 --- [restartedMain] com.zaxxer.hikari.util.DriverDataSource  : Registered driver with driverClassName=oracle.jdbc.driver.OracleDriver was not found, trying direct instantiation.
2023-11-15 09:54:59.271  INFO 14428 --- [restartedMain] com.zaxxer.hikari.HikariDataSource       : SpringBootJPAHikariCP - Start completed.
2023-11-15 09:55:00.111  INFO 14428 --- [restartedMain] o.s.b.d.a.OptionalLiveReloadServer       : LiveReload server is running on port 35729
2023-11-15 09:55:00.163  INFO 14428 --- [restartedMain] o.s.b.w.embedded.tomcat.TomcatWebServer  : Tomcat started on port(s): 9999 (http) with context path ''
2023-11-15 09:55:00.176  INFO 14428 --- [restartedMain] com.example.asaka.AsakaApplication       : Started AsakaApplication in 4.232 seconds (JVM running for 4.753)
2023-11-15 09:58:04.389  INFO 14428 --- [http-nio-9999-exec-1] o.a.c.c.C.[Tomcat].[localhost].[/]       : Initializing Spring DispatcherServlet 'dispatcherServlet'
2023-11-15 09:58:04.389  INFO 14428 --- [http-nio-9999-exec-1] o.s.web.servlet.DispatcherServlet        : Initializing Servlet 'dispatcherServlet'
2023-11-15 09:58:04.390  INFO 14428 --- [http-nio-9999-exec-1] o.s.web.servlet.DispatcherServlet        : Completed initialization in 1 ms
2023-11-15 10:00:11.282  INFO 14428 --- [SpringApplicationShutdownHook] com.zaxxer.hikari.HikariDataSource       : SpringBootJPAHikariCP - Shutdown initiated...
2023-11-15 10:00:11.321  INFO 14428 --- [SpringApplicationShutdownHook] com.zaxxer.hikari.HikariDataSource       : SpringBootJPAHikariCP - Shutdown completed.
2023-11-15 10:00:16.819  INFO 25444 --- [restartedMain] com.example.asaka.AsakaApplication       : Starting AsakaApplication using Java 18.0.2.1 on DESKTOP-O9GJ73L with PID 25444 (D:\Projects\MONELLO\target\classes started by Arslonbek Kulmatov in D:\Projects\MONELLO)
2023-11-15 10:00:16.820  INFO 25444 --- [restartedMain] com.example.asaka.AsakaApplication       : No active profile set, falling back to 1 default profile: "default"
2023-11-15 10:00:16.880  INFO 25444 --- [restartedMain] o.s.b.devtools.restart.ChangeableUrls    : The Class-Path manifest attribute in C:\Users\Arslonbek Kulmatov\.m2\repository\com\oracle\database\jdbc\ojdbc8\19.7.0.0\ojdbc8-19.7.0.0.jar referenced one or more files that do not exist: file:/C:/Users/Arslonbek%20Kulmatov/.m2/repository/com/oracle/database/jdbc/ojdbc8/19.7.0.0/oraclepki.jar
2023-11-15 10:00:16.880  INFO 25444 --- [restartedMain] .e.DevToolsPropertyDefaultsPostProcessor : Devtools property defaults active! Set 'spring.devtools.add-properties' to 'false' to disable
2023-11-15 10:00:16.880  INFO 25444 --- [restartedMain] .e.DevToolsPropertyDefaultsPostProcessor : For additional web related logging consider setting the 'logging.level.web' property to 'DEBUG'
2023-11-15 10:00:17.489  INFO 25444 --- [restartedMain] .s.d.r.c.RepositoryConfigurationDelegate : Bootstrapping Spring Data JDBC repositories in DEFAULT mode.
2023-11-15 10:00:17.507  INFO 25444 --- [restartedMain] .s.d.r.c.RepositoryConfigurationDelegate : Finished Spring Data repository scanning in 13 ms. Found 0 JDBC repository interfaces.
2023-11-15 10:00:18.451  INFO 25444 --- [restartedMain] o.s.b.w.embedded.tomcat.TomcatWebServer  : Tomcat initialized with port(s): 9999 (http)
2023-11-15 10:00:18.460  INFO 25444 --- [restartedMain] o.apache.catalina.core.StandardService   : Starting service [Tomcat]
2023-11-15 10:00:18.461  INFO 25444 --- [restartedMain] org.apache.catalina.core.StandardEngine  : Starting Servlet engine: [Apache Tomcat/9.0.60]
2023-11-15 10:00:18.560  INFO 25444 --- [restartedMain] o.a.c.c.C.[Tomcat].[localhost].[/]       : Initializing Spring embedded WebApplicationContext
2023-11-15 10:00:18.560  INFO 25444 --- [restartedMain] w.s.c.ServletWebServerApplicationContext : Root WebApplicationContext: initialization completed in 1679 ms
2023-11-15 10:00:19.440  INFO 25444 --- [restartedMain] o.s.s.web.DefaultSecurityFilterChain     : Will not secure any request
2023-11-15 10:00:19.537  INFO 25444 --- [restartedMain] com.zaxxer.hikari.HikariDataSource       : SpringBootJPAHikariCP - Starting...
2023-11-15 10:00:19.541  WARN 25444 --- [restartedMain] com.zaxxer.hikari.util.DriverDataSource  : Registered driver with driverClassName=oracle.jdbc.driver.OracleDriver was not found, trying direct instantiation.
2023-11-15 10:00:20.023  INFO 25444 --- [restartedMain] com.zaxxer.hikari.HikariDataSource       : SpringBootJPAHikariCP - Start completed.
2023-11-15 10:00:20.842  INFO 25444 --- [restartedMain] o.s.b.d.a.OptionalLiveReloadServer       : LiveReload server is running on port 35729
2023-11-15 10:00:20.902  INFO 25444 --- [restartedMain] o.s.b.w.embedded.tomcat.TomcatWebServer  : Tomcat started on port(s): 9999 (http) with context path ''
2023-11-15 10:00:20.918  INFO 25444 --- [restartedMain] com.example.asaka.AsakaApplication       : Started AsakaApplication in 4.457 seconds (JVM running for 4.977)
2023-11-15 10:00:23.786  INFO 25444 --- [http-nio-9999-exec-1] o.a.c.c.C.[Tomcat].[localhost].[/]       : Initializing Spring DispatcherServlet 'dispatcherServlet'
2023-11-15 10:00:23.786  INFO 25444 --- [http-nio-9999-exec-1] o.s.web.servlet.DispatcherServlet        : Initializing Servlet 'dispatcherServlet'
2023-11-15 10:00:23.787  INFO 25444 --- [http-nio-9999-exec-1] o.s.web.servlet.DispatcherServlet        : Completed initialization in 1 ms
2023-11-15 10:08:52.729  INFO 25444 --- [SpringApplicationShutdownHook] com.zaxxer.hikari.HikariDataSource       : SpringBootJPAHikariCP - Shutdown initiated...
2023-11-15 10:08:52.774  INFO 25444 --- [SpringApplicationShutdownHook] com.zaxxer.hikari.HikariDataSource       : SpringBootJPAHikariCP - Shutdown completed.
2023-11-15 10:09:04.611  INFO 16464 --- [restartedMain] com.example.asaka.AsakaApplication       : Starting AsakaApplication using Java 18.0.2.1 on DESKTOP-O9GJ73L with PID 16464 (D:\Projects\MONELLO\target\classes started by Arslonbek Kulmatov in D:\Projects\MONELLO)
2023-11-15 10:09:04.612  INFO 16464 --- [restartedMain] com.example.asaka.AsakaApplication       : No active profile set, falling back to 1 default profile: "default"
2023-11-15 10:09:04.665  INFO 16464 --- [restartedMain] o.s.b.devtools.restart.ChangeableUrls    : The Class-Path manifest attribute in C:\Users\Arslonbek Kulmatov\.m2\repository\com\oracle\database\jdbc\ojdbc8\19.7.0.0\ojdbc8-19.7.0.0.jar referenced one or more files that do not exist: file:/C:/Users/Arslonbek%20Kulmatov/.m2/repository/com/oracle/database/jdbc/ojdbc8/19.7.0.0/oraclepki.jar
2023-11-15 10:09:04.665  INFO 16464 --- [restartedMain] .e.DevToolsPropertyDefaultsPostProcessor : Devtools property defaults active! Set 'spring.devtools.add-properties' to 'false' to disable
2023-11-15 10:09:04.665  INFO 16464 --- [restartedMain] .e.DevToolsPropertyDefaultsPostProcessor : For additional web related logging consider setting the 'logging.level.web' property to 'DEBUG'
2023-11-15 10:09:05.249  INFO 16464 --- [restartedMain] .s.d.r.c.RepositoryConfigurationDelegate : Bootstrapping Spring Data JDBC repositories in DEFAULT mode.
2023-11-15 10:09:05.267  INFO 16464 --- [restartedMain] .s.d.r.c.RepositoryConfigurationDelegate : Finished Spring Data repository scanning in 14 ms. Found 0 JDBC repository interfaces.
2023-11-15 10:09:06.148  INFO 16464 --- [restartedMain] o.s.b.w.embedded.tomcat.TomcatWebServer  : Tomcat initialized with port(s): 9999 (http)
2023-11-15 10:09:06.164  INFO 16464 --- [restartedMain] o.apache.catalina.core.StandardService   : Starting service [Tomcat]
2023-11-15 10:09:06.164  INFO 16464 --- [restartedMain] org.apache.catalina.core.StandardEngine  : Starting Servlet engine: [Apache Tomcat/9.0.60]
2023-11-15 10:09:06.261  INFO 16464 --- [restartedMain] o.a.c.c.C.[Tomcat].[localhost].[/]       : Initializing Spring embedded WebApplicationContext
2023-11-15 10:09:06.261  INFO 16464 --- [restartedMain] w.s.c.ServletWebServerApplicationContext : Root WebApplicationContext: initialization completed in 1596 ms
2023-11-15 10:09:07.080  INFO 16464 --- [restartedMain] o.s.s.web.DefaultSecurityFilterChain     : Will not secure any request
2023-11-15 10:09:07.178  INFO 16464 --- [restartedMain] com.zaxxer.hikari.HikariDataSource       : SpringBootJPAHikariCP - Starting...
2023-11-15 10:09:07.187  WARN 16464 --- [restartedMain] com.zaxxer.hikari.util.DriverDataSource  : Registered driver with driverClassName=oracle.jdbc.driver.OracleDriver was not found, trying direct instantiation.
2023-11-15 10:09:07.534  INFO 16464 --- [restartedMain] com.zaxxer.hikari.HikariDataSource       : SpringBootJPAHikariCP - Start completed.
2023-11-15 10:09:08.355  INFO 16464 --- [restartedMain] o.s.b.d.a.OptionalLiveReloadServer       : LiveReload server is running on port 35729
2023-11-15 10:09:08.407  INFO 16464 --- [restartedMain] o.s.b.w.embedded.tomcat.TomcatWebServer  : Tomcat started on port(s): 9999 (http) with context path ''
2023-11-15 10:09:08.425  INFO 16464 --- [restartedMain] com.example.asaka.AsakaApplication       : Started AsakaApplication in 4.159 seconds (JVM running for 4.662)
2023-11-15 10:09:15.187  INFO 16464 --- [http-nio-9999-exec-1] o.a.c.c.C.[Tomcat].[localhost].[/]       : Initializing Spring DispatcherServlet 'dispatcherServlet'
2023-11-15 10:09:15.187  INFO 16464 --- [http-nio-9999-exec-1] o.s.web.servlet.DispatcherServlet        : Initializing Servlet 'dispatcherServlet'
2023-11-15 10:09:15.188  INFO 16464 --- [http-nio-9999-exec-1] o.s.web.servlet.DispatcherServlet        : Completed initialization in 1 ms
2023-11-15 10:12:24.776  INFO 16464 --- [SpringApplicationShutdownHook] com.zaxxer.hikari.HikariDataSource       : SpringBootJPAHikariCP - Shutdown initiated...
2023-11-15 10:12:24.806  INFO 16464 --- [SpringApplicationShutdownHook] com.zaxxer.hikari.HikariDataSource       : SpringBootJPAHikariCP - Shutdown completed.
2024-01-11 13:36:58.741  INFO 24444 --- [Thread-16] com.zaxxer.hikari.HikariDataSource       : SpringBootJPAHikariCP - Shutdown initiated...
2024-01-11 13:36:58.778  INFO 24444 --- [Thread-16] com.zaxxer.hikari.HikariDataSource       : SpringBootJPAHikariCP - Shutdown completed.
2024-01-11 13:36:59.038  INFO 24444 --- [restartedMain] com.example.asaka.AsakaApplication       : Starting AsakaApplication using Java 17.0.7 on Saidazim-PC with PID 24444 (C:\Users\Saidazim\IdeaProjects\Monello\target\classes started by Saidazim in C:\Users\Saidazim\IdeaProjects\Monello)
2024-01-11 13:36:59.038  INFO 24444 --- [restartedMain] com.example.asaka.AsakaApplication       : No active profile set, falling back to 1 default profile: "default"
2024-01-11 13:36:59.633  INFO 24444 --- [restartedMain] .s.d.r.c.RepositoryConfigurationDelegate : Bootstrapping Spring Data JDBC repositories in DEFAULT mode.
2024-01-11 13:36:59.661  INFO 24444 --- [restartedMain] .s.d.r.c.RepositoryConfigurationDelegate : Finished Spring Data repository scanning in 27 ms. Found 0 JDBC repository interfaces.
2024-01-11 13:36:59.991  INFO 24444 --- [restartedMain] o.s.b.w.embedded.tomcat.TomcatWebServer  : Tomcat initialized with port(s): 9999 (http)
2024-01-11 13:36:59.994  INFO 24444 --- [restartedMain] o.apache.catalina.core.StandardService   : Starting service [Tomcat]
2024-01-11 13:36:59.994  INFO 24444 --- [restartedMain] org.apache.catalina.core.StandardEngine  : Starting Servlet engine: [Apache Tomcat/9.0.60]
2024-01-11 13:37:00.040  INFO 24444 --- [restartedMain] o.a.c.c.C.[Tomcat-1].[localhost].[/]     : Initializing Spring embedded WebApplicationContext
2024-01-11 13:37:00.041  INFO 24444 --- [restartedMain] w.s.c.ServletWebServerApplicationContext : Root WebApplicationContext: initialization completed in 996 ms
2024-01-11 13:37:00.591  WARN 24444 --- [restartedMain] ConfigServletWebServerApplicationContext : Exception encountered during context initialization - cancelling refresh attempt: org.springframework.beans.factory.UnsatisfiedDependencyException: Error creating bean with name 'CAl': Unsatisfied dependency expressed through field 'sAl'; nested exception is org.springframework.beans.factory.BeanCreationException: Error creating bean with name 'SAl' defined in file [C:\Users\Saidazim\IdeaProjects\Monello\target\classes\com\example\asaka\al\services\SAl.class]: Post-processing of merged bean definition failed; nested exception is java.lang.IllegalStateException: Failed to introspect Class [com.example.asaka.al.services.SAl] from ClassLoader [org.springframework.boot.devtools.restart.classloader.RestartClassLoader@4657becf]
2024-01-11 13:37:00.591  INFO 24444 --- [restartedMain] o.apache.catalina.core.StandardService   : Stopping service [Tomcat]
2024-01-11 13:37:00.598  INFO 24444 --- [restartedMain] ConditionEvaluationReportLoggingListener : 

Error starting ApplicationContext. To display the conditions report re-run your application with 'debug' enabled.
2024-01-11 13:37:00.604 ERROR 24444 --- [restartedMain] o.s.boot.SpringApplication               : Application run failed

org.springframework.beans.factory.UnsatisfiedDependencyException: Error creating bean with name 'CAl': Unsatisfied dependency expressed through field 'sAl'; nested exception is org.springframework.beans.factory.BeanCreationException: Error creating bean with name 'SAl' defined in file [C:\Users\Saidazim\IdeaProjects\Monello\target\classes\com\example\asaka\al\services\SAl.class]: Post-processing of merged bean definition failed; nested exception is java.lang.IllegalStateException: Failed to introspect Class [com.example.asaka.al.services.SAl] from ClassLoader [org.springframework.boot.devtools.restart.classloader.RestartClassLoader@4657becf]
	at org.springframework.beans.factory.annotation.AutowiredAnnotationBeanPostProcessor$AutowiredFieldElement.resolveFieldValue(AutowiredAnnotationBeanPostProcessor.java:659) ~[spring-beans-5.3.18.jar:5.3.18]
	at org.springframework.beans.factory.annotation.AutowiredAnnotationBeanPostProcessor$AutowiredFieldElement.inject(AutowiredAnnotationBeanPostProcessor.java:639) ~[spring-beans-5.3.18.jar:5.3.18]
	at org.springframework.beans.factory.annotation.InjectionMetadata.inject(InjectionMetadata.java:119) ~[spring-beans-5.3.18.jar:5.3.18]
	at org.springframework.beans.factory.annotation.AutowiredAnnotationBeanPostProcessor.postProcessProperties(AutowiredAnnotationBeanPostProcessor.java:399) ~[spring-beans-5.3.18.jar:5.3.18]
	at org.springframework.beans.factory.support.AbstractAutowireCapableBeanFactory.populateBean(AbstractAutowireCapableBeanFactory.java:1431) ~[spring-beans-5.3.18.jar:5.3.18]
	at org.springframework.beans.factory.support.AbstractAutowireCapableBeanFactory.doCreateBean(AbstractAutowireCapableBeanFactory.java:619) ~[spring-beans-5.3.18.jar:5.3.18]
	at org.springframework.beans.factory.support.AbstractAutowireCapableBeanFactory.createBean(AbstractAutowireCapableBeanFactory.java:542) ~[spring-beans-5.3.18.jar:5.3.18]
	at org.springframework.beans.factory.support.AbstractBeanFactory.lambda$doGetBean$0(AbstractBeanFactory.java:335) ~[spring-beans-5.3.18.jar:5.3.18]
	at org.springframework.beans.factory.support.DefaultSingletonBeanRegistry.getSingleton(DefaultSingletonBeanRegistry.java:234) ~[spring-beans-5.3.18.jar:5.3.18]
	at org.springframework.beans.factory.support.AbstractBeanFactory.doGetBean(AbstractBeanFactory.java:333) ~[spring-beans-5.3.18.jar:5.3.18]
	at org.springframework.beans.factory.support.AbstractBeanFactory.getBean(AbstractBeanFactory.java:208) ~[spring-beans-5.3.18.jar:5.3.18]
	at org.springframework.beans.factory.support.DefaultListableBeanFactory.preInstantiateSingletons(DefaultListableBeanFactory.java:953) ~[spring-beans-5.3.18.jar:5.3.18]
	at org.springframework.context.support.AbstractApplicationContext.finishBeanFactoryInitialization(AbstractApplicationContext.java:918) ~[spring-context-5.3.18.jar:5.3.18]
	at org.springframework.context.support.AbstractApplicationContext.refresh(AbstractApplicationContext.java:583) ~[spring-context-5.3.18.jar:5.3.18]
	at org.springframework.boot.web.servlet.context.ServletWebServerApplicationContext.refresh(ServletWebServerApplicationContext.java:145) ~[spring-boot-2.6.6.jar:2.6.6]
	at org.springframework.boot.SpringApplication.refresh(SpringApplication.java:740) ~[spring-boot-2.6.6.jar:2.6.6]
	at org.springframework.boot.SpringApplication.refreshContext(SpringApplication.java:415) ~[spring-boot-2.6.6.jar:2.6.6]
	at org.springframework.boot.SpringApplication.run(SpringApplication.java:303) ~[spring-boot-2.6.6.jar:2.6.6]
	at org.springframework.boot.SpringApplication.run(SpringApplication.java:1312) ~[spring-boot-2.6.6.jar:2.6.6]
	at org.springframework.boot.SpringApplication.run(SpringApplication.java:1301) ~[spring-boot-2.6.6.jar:2.6.6]
	at com.example.asaka.AsakaApplication.main(AsakaApplication.java:10) ~[classes/:na]
	at java.base/jdk.internal.reflect.NativeMethodAccessorImpl.invoke0(Native Method) ~[na:na]
	at java.base/jdk.internal.reflect.NativeMethodAccessorImpl.invoke(NativeMethodAccessorImpl.java:77) ~[na:na]
	at java.base/jdk.internal.reflect.DelegatingMethodAccessorImpl.invoke(DelegatingMethodAccessorImpl.java:43) ~[na:na]
	at java.base/java.lang.reflect.Method.invoke(Method.java:568) ~[na:na]
	at org.springframework.boot.devtools.restart.RestartLauncher.run(RestartLauncher.java:49) ~[spring-boot-devtools-2.6.6.jar:2.6.6]
Caused by: org.springframework.beans.factory.BeanCreationException: Error creating bean with name 'SAl' defined in file [C:\Users\Saidazim\IdeaProjects\Monello\target\classes\com\example\asaka\al\services\SAl.class]: Post-processing of merged bean definition failed; nested exception is java.lang.IllegalStateException: Failed to introspect Class [com.example.asaka.al.services.SAl] from ClassLoader [org.springframework.boot.devtools.restart.classloader.RestartClassLoader@4657becf]
	at org.springframework.beans.factory.support.AbstractAutowireCapableBeanFactory.doCreateBean(AbstractAutowireCapableBeanFactory.java:597) ~[spring-beans-5.3.18.jar:5.3.18]
	at org.springframework.beans.factory.support.AbstractAutowireCapableBeanFactory.createBean(AbstractAutowireCapableBeanFactory.java:542) ~[spring-beans-5.3.18.jar:5.3.18]
	at org.springframework.beans.factory.support.AbstractBeanFactory.lambda$doGetBean$0(AbstractBeanFactory.java:335) ~[spring-beans-5.3.18.jar:5.3.18]
	at org.springframework.beans.factory.support.DefaultSingletonBeanRegistry.getSingleton(DefaultSingletonBeanRegistry.java:234) ~[spring-beans-5.3.18.jar:5.3.18]
	at org.springframework.beans.factory.support.AbstractBeanFactory.doGetBean(AbstractBeanFactory.java:333) ~[spring-beans-5.3.18.jar:5.3.18]
	at org.springframework.beans.factory.support.AbstractBeanFactory.getBean(AbstractBeanFactory.java:208) ~[spring-beans-5.3.18.jar:5.3.18]
	at org.springframework.beans.factory.config.DependencyDescriptor.resolveCandidate(DependencyDescriptor.java:276) ~[spring-beans-5.3.18.jar:5.3.18]
	at org.springframework.beans.factory.support.DefaultListableBeanFactory.doResolveDependency(DefaultListableBeanFactory.java:1389) ~[spring-beans-5.3.18.jar:5.3.18]
	at org.springframework.beans.factory.support.DefaultListableBeanFactory.resolveDependency(DefaultListableBeanFactory.java:1309) ~[spring-beans-5.3.18.jar:5.3.18]
	at org.springframework.beans.factory.annotation.AutowiredAnnotationBeanPostProcessor$AutowiredFieldElement.resolveFieldValue(AutowiredAnnotationBeanPostProcessor.java:656) ~[spring-beans-5.3.18.jar:5.3.18]
	... 25 common frames omitted
Caused by: java.lang.IllegalStateException: Failed to introspect Class [com.example.asaka.al.services.SAl] from ClassLoader [org.springframework.boot.devtools.restart.classloader.RestartClassLoader@4657becf]
	at org.springframework.util.ReflectionUtils.getDeclaredFields(ReflectionUtils.java:743) ~[spring-core-5.3.18.jar:5.3.18]
	at org.springframework.util.ReflectionUtils.doWithLocalFields(ReflectionUtils.java:675) ~[spring-core-5.3.18.jar:5.3.18]
	at org.springframework.context.annotation.CommonAnnotationBeanPostProcessor.buildResourceMetadata(CommonAnnotationBeanPostProcessor.java:377) ~[spring-context-5.3.18.jar:5.3.18]
	at org.springframework.context.annotation.CommonAnnotationBeanPostProcessor.findResourceMetadata(CommonAnnotationBeanPostProcessor.java:358) ~[spring-context-5.3.18.jar:5.3.18]
	at org.springframework.context.annotation.CommonAnnotationBeanPostProcessor.postProcessMergedBeanDefinition(CommonAnnotationBeanPostProcessor.java:306) ~[spring-context-5.3.18.jar:5.3.18]
	at org.springframework.beans.factory.support.AbstractAutowireCapableBeanFactory.applyMergedBeanDefinitionPostProcessors(AbstractAutowireCapableBeanFactory.java:1116) ~[spring-beans-5.3.18.jar:5.3.18]
	at org.springframework.beans.factory.support.AbstractAutowireCapableBeanFactory.doCreateBean(AbstractAutowireCapableBeanFactory.java:594) ~[spring-beans-5.3.18.jar:5.3.18]
	... 34 common frames omitted
Caused by: java.lang.NoClassDefFoundError: com/example/asaka/core/services/SApp
	at java.base/java.lang.Class.getDeclaredFields0(Native Method) ~[na:na]
	at java.base/java.lang.Class.privateGetDeclaredFields(Class.java:3297) ~[na:na]
	at java.base/java.lang.Class.getDeclaredFields(Class.java:2371) ~[na:na]
	at org.springframework.util.ReflectionUtils.getDeclaredFields(ReflectionUtils.java:738) ~[spring-core-5.3.18.jar:5.3.18]
	... 40 common frames omitted
Caused by: java.lang.ClassNotFoundException: com.example.asaka.core.services.SApp
	at java.base/jdk.internal.loader.BuiltinClassLoader.loadClass(BuiltinClassLoader.java:641) ~[na:na]
	at java.base/jdk.internal.loader.ClassLoaders$AppClassLoader.loadClass(ClassLoaders.java:188) ~[na:na]
	at java.base/java.lang.ClassLoader.loadClass(ClassLoader.java:520) ~[na:na]
	at java.base/java.lang.Class.forName0(Native Method) ~[na:na]
	at java.base/java.lang.Class.forName(Class.java:467) ~[na:na]
	at org.springframework.boot.devtools.restart.classloader.RestartClassLoader.loadClass(RestartClassLoader.java:145) ~[spring-boot-devtools-2.6.6.jar:2.6.6]
	at java.base/java.lang.ClassLoader.loadClass(ClassLoader.java:520) ~[na:na]
	... 44 common frames omitted

2024-01-11 13:37:05.436  INFO 24444 --- [restartedMain] com.example.asaka.AsakaApplication       : Starting AsakaApplication using Java 17.0.7 on Saidazim-PC with PID 24444 (C:\Users\Saidazim\IdeaProjects\Monello\target\classes started by Saidazim in C:\Users\Saidazim\IdeaProjects\Monello)
2024-01-11 13:37:05.437  INFO 24444 --- [restartedMain] com.example.asaka.AsakaApplication       : No active profile set, falling back to 1 default profile: "default"
2024-01-11 13:37:06.392  INFO 24444 --- [restartedMain] .s.d.r.c.RepositoryConfigurationDelegate : Bootstrapping Spring Data JDBC repositories in DEFAULT mode.
2024-01-11 13:37:06.496  INFO 24444 --- [restartedMain] .s.d.r.c.RepositoryConfigurationDelegate : Finished Spring Data repository scanning in 73 ms. Found 0 JDBC repository interfaces.
2024-01-11 13:37:07.243  INFO 24444 --- [restartedMain] o.s.b.w.embedded.tomcat.TomcatWebServer  : Tomcat initialized with port(s): 9999 (http)
2024-01-11 13:37:07.247  INFO 24444 --- [restartedMain] o.apache.catalina.core.StandardService   : Starting service [Tomcat]
2024-01-11 13:37:07.251  INFO 24444 --- [restartedMain] org.apache.catalina.core.StandardEngine  : Starting Servlet engine: [Apache Tomcat/9.0.60]
2024-01-11 13:37:07.348  INFO 24444 --- [restartedMain] o.a.c.c.C.[Tomcat-2].[localhost].[/]     : Initializing Spring embedded WebApplicationContext
2024-01-11 13:37:07.349  INFO 24444 --- [restartedMain] w.s.c.ServletWebServerApplicationContext : Root WebApplicationContext: initialization completed in 1900 ms
2024-01-11 13:37:08.469  INFO 24444 --- [restartedMain] o.s.s.web.DefaultSecurityFilterChain     : Will not secure any request
2024-01-11 13:37:08.643  INFO 24444 --- [restartedMain] com.zaxxer.hikari.HikariDataSource       : SpringBootJPAHikariCP - Starting...
2024-01-11 13:37:08.644  WARN 24444 --- [restartedMain] com.zaxxer.hikari.util.DriverDataSource  : Registered driver with driverClassName=oracle.jdbc.driver.OracleDriver was not found, trying direct instantiation.
2024-01-11 13:37:08.983  INFO 24444 --- [restartedMain] com.zaxxer.hikari.HikariDataSource       : SpringBootJPAHikariCP - Start completed.
2024-01-11 13:37:10.032  INFO 24444 --- [restartedMain] o.s.b.d.a.OptionalLiveReloadServer       : LiveReload server is running on port 35729
2024-01-11 13:37:10.109  INFO 24444 --- [restartedMain] o.s.b.w.embedded.tomcat.TomcatWebServer  : Tomcat started on port(s): 9999 (http) with context path ''
2024-01-11 13:37:10.126  INFO 24444 --- [restartedMain] com.example.asaka.AsakaApplication       : Started AsakaApplication in 4.81 seconds (JVM running for 537.863)
2024-01-11 13:37:10.134  INFO 24444 --- [restartedMain] .ConditionEvaluationDeltaLoggingListener : Condition evaluation unchanged
